{"/home/char0n/Documents/GitHub/apidom/experiments/generic-editor/src/index.js": {"path":"/home/char0n/Documents/GitHub/apidom/experiments/generic-editor/src/index.js","statementMap":{"0":{"start":{"line":1,"column":13},"end":{"line":1,"column":23}},"1":{"start":{"line":1,"column":19},"end":{"line":1,"column":23}}},"fnMap":{"0":{"name":"(anonymous_0)","decl":{"start":{"line":1,"column":13},"end":{"line":1,"column":14}},"loc":{"start":{"line":1,"column":19},"end":{"line":1,"column":23}},"line":1}},"branchMap":{},"s":{"0":1,"1":1},"f":{"0":1},"b":{},"_coverageSchema":"1a1c01bbd47fc00a2c39e90264f33305004495a9","hash":"f2beb3d14205e9e7560d3bac540f6dadd3eed243"}
,"/home/char0n/Documents/GitHub/apidom/experiments/generic-editor/src/polyfills.js": {"path":"/home/char0n/Documents/GitHub/apidom/experiments/generic-editor/src/polyfills.js","statementMap":{},"fnMap":{},"branchMap":{},"s":{},"f":{},"b":{}}
}
